[debug] [2020-03-26T13:25:39.845Z] ----------------------------------------------------------------------
[debug] [2020-03-26T13:25:39.848Z] Command:       D:\Programming\Programs\NodeJS\node.exe C:\Users\Marek\AppData\Roaming\npm\node_modules\firebase-tools\lib\bin\firebase.js deploy --only functions
[debug] [2020-03-26T13:25:39.849Z] CLI Version:   7.15.1
[debug] [2020-03-26T13:25:39.849Z] Platform:      win32
[debug] [2020-03-26T13:25:39.849Z] Node Version:  v10.16.3
[debug] [2020-03-26T13:25:39.851Z] Time:          Thu Mar 26 2020 14:25:39 GMT+0100 (GMT+01:00)
[debug] [2020-03-26T13:25:39.851Z] ----------------------------------------------------------------------
[debug] [2020-03-26T13:25:39.851Z] 
[debug] [2020-03-26T13:25:39.871Z] > command requires scopes: ["email","openid","https://www.googleapis.com/auth/cloudplatformprojects.readonly","https://www.googleapis.com/auth/firebase","https://www.googleapis.com/auth/cloud-platform"]
[debug] [2020-03-26T13:25:39.872Z] > authorizing via signed-in user
[debug] [2020-03-26T13:25:39.872Z] [iam] checking project szymontheprettykid for permissions ["cloudfunctions.functions.create","cloudfunctions.functions.delete","cloudfunctions.functions.get","cloudfunctions.functions.list","cloudfunctions.functions.update","cloudfunctions.operations.get","firebase.projects.get"]
[debug] [2020-03-26T13:25:39.875Z] >>> HTTP REQUEST POST https://cloudresourcemanager.googleapis.com/v1/projects/szymontheprettykid:testIamPermissions  

[debug] [2020-03-26T13:25:40.928Z] <<< HTTP RESPONSE 200
[debug] [2020-03-26T13:26:17.132Z] ----------------------------------------------------------------------
[debug] [2020-03-26T13:26:17.135Z] Command:       D:\Programming\Programs\NodeJS\node.exe C:\Users\Marek\AppData\Roaming\npm\node_modules\firebase-tools\lib\bin\firebase.js deploy --only functions
[debug] [2020-03-26T13:26:17.136Z] CLI Version:   7.15.1
[debug] [2020-03-26T13:26:17.136Z] Platform:      win32
[debug] [2020-03-26T13:26:17.136Z] Node Version:  v10.16.3
[debug] [2020-03-26T13:26:17.137Z] Time:          Thu Mar 26 2020 14:26:17 GMT+0100 (GMT+01:00)
[debug] [2020-03-26T13:26:17.138Z] ----------------------------------------------------------------------
[debug] [2020-03-26T13:26:17.138Z] 
[debug] [2020-03-26T13:26:17.153Z] > command requires scopes: ["email","openid","https://www.googleapis.com/auth/cloudplatformprojects.readonly","https://www.googleapis.com/auth/firebase","https://www.googleapis.com/auth/cloud-platform"]
[debug] [2020-03-26T13:26:17.154Z] > authorizing via signed-in user
[debug] [2020-03-26T13:26:17.154Z] [iam] checking project szymontheprettykid for permissions ["cloudfunctions.functions.create","cloudfunctions.functions.delete","cloudfunctions.functions.get","cloudfunctions.functions.list","cloudfunctions.functions.update","cloudfunctions.operations.get","firebase.projects.get"]
[debug] [2020-03-26T13:26:17.157Z] >>> HTTP REQUEST POST https://cloudresourcemanager.googleapis.com/v1/projects/szymontheprettykid:testIamPermissions  

[debug] [2020-03-26T13:26:18.257Z] <<< HTTP RESPONSE 200
[info] 
[info] === Deploying to 'szymontheprettykid'...
[info] 
[info] i  deploying functions
[info] Running command: npm --prefix functions run lint && npm --prefix functions run build
[info] Running command: npm --prefix "$RESOURCE_DIR" run lint
[info] Running command: npm --prefix "$RESOURCE_DIR" run build
[info] +  functions: Finished running predeploy script.
[debug] [2020-03-26T13:27:08.297Z] > [functions] package.json contents: {
  "name": "functions",
  "scripts": {
    "lint": "tslint --project tsconfig-build.json",
    "build": "tsc --project tsconfig-build.json",
    "build-watch": "tsc -w --project tsconfig-build.json",
    "serve": "npm run build-watch || firebase emulators:start --only functions",
    "shell": "npm run build-watch && firebase functions:shell",
    "start": "npm run shell",
    "deploy": "firebase deploy --only functions",
    "logs": "firebase functions:log",
    "test": "jest --coverage",
    "test:watch": "jest --coverage --watchAll",
    "prettier": "prettier --check \"**/*.ts\""
  },
  "engines": {
    "node": "8"
  },
  "main": "lib/index.js",
  "dependencies": {
    "firebase-admin": "^8.6.0",
    "firebase-functions": "^3.3.0"
  },
  "devDependencies": {
    "@types/jest": "^25.1.4",
    "firebase-functions-test": "^0.1.6",
    "jest": "^25.1.0",
    "moq.ts": "^5.0.5",
    "ts-jest": "^25.2.1",
    "tslint": "^5.12.0",
    "typescript": "^3.2.2"
  },
  "private": true
}
[info] i  functions: ensuring necessary APIs are enabled...
[debug] [2020-03-26T13:27:08.299Z] >>> HTTP REQUEST GET https://serviceusage.googleapis.com/v1/projects/szymontheprettykid/services/cloudfunctions.googleapis.com  
 
[debug] [2020-03-26T13:27:08.300Z] >>> HTTP REQUEST GET https://serviceusage.googleapis.com/v1/projects/szymontheprettykid/services/runtimeconfig.googleapis.com  
 
[debug] [2020-03-26T13:27:09.499Z] <<< HTTP RESPONSE 200
[debug] [2020-03-26T13:27:09.567Z] <<< HTTP RESPONSE 200
[info] +  functions: all necessary APIs are enabled
[debug] [2020-03-26T13:27:09.569Z] >>> HTTP REQUEST GET https://firebase.googleapis.com/v1beta1/projects/szymontheprettykid/adminSdkConfig  
 
[debug] [2020-03-26T13:27:10.032Z] <<< HTTP RESPONSE 200
[info] i  functions: preparing functions directory for uploading...
[debug] [2020-03-26T13:27:10.038Z] >>> HTTP REQUEST GET https://runtimeconfig.googleapis.com/v1beta1/projects/szymontheprettykid/configs  
 
[debug] [2020-03-26T13:27:10.596Z] <<< HTTP RESPONSE 200
[info] i  functions: packaged functions (134.64 KB) for uploading
[debug] [2020-03-26T13:27:13.131Z] >>> HTTP REQUEST POST https://cloudfunctions.googleapis.com/v1/projects/szymontheprettykid/locations/us-central1/functions:generateUploadUrl  
 
[debug] [2020-03-26T13:27:14.244Z] <<< HTTP RESPONSE 200
[debug] [2020-03-26T13:27:14.245Z] >>> HTTP REQUEST PUT https://storage.googleapis.com/gcf-upload-us-central1-8a400dee-afe2-4523-b8a1-d62dd37b77e2/b1e10ea5-49c3-4952-90a0-2508127cd007.zip?GoogleAccessId=service-1068805552027@gcf-admin-robot.iam.gserviceaccount.com&Expires=1585231031&Signature=Rq8vQhfhbnmAt%2FlFriHgqbvdMfRGDjlzY14Ww%2B4v5Se4u5%2BEjX3oBNefxRG%2BNCc1JTvelZQq1Q3sOecwhHSzvZQxR%2FvY5AJy9YVRdb44FApDjepuG9s1QE%2BcBmn9xgBsDY6cO2BPs0VCEqj%2Fu%2FZFGmXIenjlC7%2Fp%2BfPSrEdMGcYoEZnsk1OH5kcE9VySWCqOWhYyWeiKYpOO%2Bobu5Wtmr9m6XB0xpx6T0XQifxWZg7Wp93dfq8%2B8ZwcSTgmVoBZK%2Fl9pkRjKcZa5RE7EftpgAKmmEBtNndUOntb7QG1RkBW1IMajAk190zMh2NFdJ0mwtI5s%2FEp8OLWPP4XR3vJGHg%3D%3D  
 <request body omitted>
[debug] [2020-03-26T13:27:15.117Z] <<< HTTP RESPONSE 200
[info] +  functions: functions folder uploaded successfully
[debug] [2020-03-26T13:27:15.120Z] >>> HTTP REQUEST GET https://cloudfunctions.googleapis.com/v1/projects/szymontheprettykid/locations/-/functions  
 
[debug] [2020-03-26T13:27:15.639Z] <<< HTTP RESPONSE 200
[info] i  functions: creating Node.js 8 function productCreated(us-central1)...
[debug] [2020-03-26T13:27:15.642Z] Trigger is:  {"eventTrigger":{"resource":"projects/szymontheprettykid/databases/(default)/documents/products/{id}","eventType":"providers/cloud.firestore/eventTypes/document.create","service":"firestore.googleapis.com"}}
[info] i  functions: creating Node.js 8 function productUpdated(us-central1)...
[debug] [2020-03-26T13:27:15.644Z] Trigger is:  {"eventTrigger":{"resource":"projects/szymontheprettykid/databases/(default)/documents/products/{id}","eventType":"providers/cloud.firestore/eventTypes/document.update","service":"firestore.googleapis.com"}}
[info] i  functions: updating Node.js 8 function deleteUser(us-central1)...
[debug] [2020-03-26T13:27:15.663Z] Trigger is:  {"eventTrigger":{"resource":"projects/szymontheprettykid/databases/(default)/documents/users/{id}","eventType":"providers/cloud.firestore/eventTypes/document.delete","service":"firestore.googleapis.com"}}
[info] i  functions: updating Node.js 8 function banUser(us-central1)...
[debug] [2020-03-26T13:27:15.665Z] Trigger is:  {"eventTrigger":{"resource":"projects/szymontheprettykid/databases/(default)/documents/users/{id}","eventType":"providers/cloud.firestore/eventTypes/document.update","service":"firestore.googleapis.com"}}
[debug] [2020-03-26T13:27:15.667Z] >>> HTTP REQUEST GET https://serviceusage.googleapis.com/v1/projects/szymontheprettykid/services/cloudscheduler.googleapis.com  
 
[debug] [2020-03-26T13:27:16.740Z] <<< HTTP RESPONSE 200
[debug] [2020-03-26T13:27:16.745Z] >>> HTTP REQUEST POST https://cloudfunctions.googleapis.com/v1/projects/szymontheprettykid/locations/us-central1/functions  

[debug] [2020-03-26T13:27:16.746Z] >>> HTTP REQUEST POST https://cloudfunctions.googleapis.com/v1/projects/szymontheprettykid/locations/us-central1/functions  

[debug] [2020-03-26T13:27:16.747Z] >>> HTTP REQUEST PATCH https://cloudfunctions.googleapis.com/v1/projects/szymontheprettykid/locations/us-central1/functions/deleteUser {"updateMask":"sourceUploadUrl,name,labels,runtime,eventTrigger.resource,eventTrigger.eventType,eventTrigger.service"} 

[debug] [2020-03-26T13:27:16.750Z] >>> HTTP REQUEST PATCH https://cloudfunctions.googleapis.com/v1/projects/szymontheprettykid/locations/us-central1/functions/banUser {"updateMask":"sourceUploadUrl,name,labels,runtime,eventTrigger.resource,eventTrigger.eventType,eventTrigger.service"} 

[debug] [2020-03-26T13:27:17.327Z] <<< HTTP RESPONSE 200
[debug] [2020-03-26T13:27:17.354Z] <<< HTTP RESPONSE 200
[debug] [2020-03-26T13:27:17.390Z] <<< HTTP RESPONSE 200
[debug] [2020-03-26T13:27:17.415Z] <<< HTTP RESPONSE 200
[debug] [2020-03-26T13:27:17.417Z] >>> HTTP REQUEST GET https://cloudfunctions.googleapis.com/v1/operations/c3p5bW9udGhlcHJldHR5a2lkL3VzLWNlbnRyYWwxL3Byb2R1Y3RDcmVhdGVkL1lwM2M2cXljYl9j  
 
[debug] [2020-03-26T13:27:17.417Z] >>> HTTP REQUEST GET https://cloudfunctions.googleapis.com/v1/operations/c3p5bW9udGhlcHJldHR5a2lkL3VzLWNlbnRyYWwxL3Byb2R1Y3RVcGRhdGVkLzZ3Z2wweV9HYWFV  
 
[debug] [2020-03-26T13:27:17.417Z] >>> HTTP REQUEST GET https://cloudfunctions.googleapis.com/v1/operations/c3p5bW9udGhlcHJldHR5a2lkL3VzLWNlbnRyYWwxL2RlbGV0ZVVzZXIvWnFGdW4xVnZhd2c  
 
[debug] [2020-03-26T13:27:17.418Z] >>> HTTP REQUEST GET https://cloudfunctions.googleapis.com/v1/operations/c3p5bW9udGhlcHJldHR5a2lkL3VzLWNlbnRyYWwxL2JhblVzZXIvQWczamRDcUJ1V00  
 
[debug] [2020-03-26T13:27:17.791Z] <<< HTTP RESPONSE 200
[debug] [2020-03-26T13:27:17.808Z] <<< HTTP RESPONSE 200
[debug] [2020-03-26T13:27:17.812Z] <<< HTTP RESPONSE 200
[debug] [2020-03-26T13:27:17.827Z] <<< HTTP RESPONSE 200
[debug] [2020-03-26T13:27:19.792Z] >>> HTTP REQUEST GET https://cloudfunctions.googleapis.com/v1/operations/c3p5bW9udGhlcHJldHR5a2lkL3VzLWNlbnRyYWwxL2JhblVzZXIvQWczamRDcUJ1V00  
 
[debug] [2020-03-26T13:27:19.810Z] >>> HTTP REQUEST GET https://cloudfunctions.googleapis.com/v1/operations/c3p5bW9udGhlcHJldHR5a2lkL3VzLWNlbnRyYWwxL3Byb2R1Y3RDcmVhdGVkL1lwM2M2cXljYl9j  
 
[debug] [2020-03-26T13:27:19.813Z] >>> HTTP REQUEST GET https://cloudfunctions.googleapis.com/v1/operations/c3p5bW9udGhlcHJldHR5a2lkL3VzLWNlbnRyYWwxL2RlbGV0ZVVzZXIvWnFGdW4xVnZhd2c  
 
[debug] [2020-03-26T13:27:19.828Z] >>> HTTP REQUEST GET https://cloudfunctions.googleapis.com/v1/operations/c3p5bW9udGhlcHJldHR5a2lkL3VzLWNlbnRyYWwxL3Byb2R1Y3RVcGRhdGVkLzZ3Z2wweV9HYWFV  
 
[debug] [2020-03-26T13:27:20.174Z] <<< HTTP RESPONSE 200
[debug] [2020-03-26T13:27:20.177Z] <<< HTTP RESPONSE 200
[debug] [2020-03-26T13:27:20.178Z] <<< HTTP RESPONSE 200
[debug] [2020-03-26T13:27:20.192Z] <<< HTTP RESPONSE 200
[debug] [2020-03-26T13:27:22.175Z] >>> HTTP REQUEST GET https://cloudfunctions.googleapis.com/v1/operations/c3p5bW9udGhlcHJldHR5a2lkL3VzLWNlbnRyYWwxL3Byb2R1Y3RDcmVhdGVkL1lwM2M2cXljYl9j  
 
[debug] [2020-03-26T13:27:22.179Z] >>> HTTP REQUEST GET https://cloudfunctions.googleapis.com/v1/operations/c3p5bW9udGhlcHJldHR5a2lkL3VzLWNlbnRyYWwxL2JhblVzZXIvQWczamRDcUJ1V00  
 
[debug] [2020-03-26T13:27:22.179Z] >>> HTTP REQUEST GET https://cloudfunctions.googleapis.com/v1/operations/c3p5bW9udGhlcHJldHR5a2lkL3VzLWNlbnRyYWwxL3Byb2R1Y3RVcGRhdGVkLzZ3Z2wweV9HYWFV  
 
[debug] [2020-03-26T13:27:22.194Z] >>> HTTP REQUEST GET https://cloudfunctions.googleapis.com/v1/operations/c3p5bW9udGhlcHJldHR5a2lkL3VzLWNlbnRyYWwxL2RlbGV0ZVVzZXIvWnFGdW4xVnZhd2c  
 
[debug] [2020-03-26T13:27:22.575Z] <<< HTTP RESPONSE 200
[debug] [2020-03-26T13:27:22.577Z] <<< HTTP RESPONSE 200
[debug] [2020-03-26T13:27:22.583Z] <<< HTTP RESPONSE 200
[debug] [2020-03-26T13:27:22.592Z] <<< HTTP RESPONSE 200
[debug] [2020-03-26T13:27:24.578Z] >>> HTTP REQUEST GET https://cloudfunctions.googleapis.com/v1/operations/c3p5bW9udGhlcHJldHR5a2lkL3VzLWNlbnRyYWwxL3Byb2R1Y3RVcGRhdGVkLzZ3Z2wweV9HYWFV  
 
[debug] [2020-03-26T13:27:24.583Z] >>> HTTP REQUEST GET https://cloudfunctions.googleapis.com/v1/operations/c3p5bW9udGhlcHJldHR5a2lkL3VzLWNlbnRyYWwxL2RlbGV0ZVVzZXIvWnFGdW4xVnZhd2c  
 
[debug] [2020-03-26T13:27:24.586Z] >>> HTTP REQUEST GET https://cloudfunctions.googleapis.com/v1/operations/c3p5bW9udGhlcHJldHR5a2lkL3VzLWNlbnRyYWwxL3Byb2R1Y3RDcmVhdGVkL1lwM2M2cXljYl9j  
 
[debug] [2020-03-26T13:27:24.593Z] >>> HTTP REQUEST GET https://cloudfunctions.googleapis.com/v1/operations/c3p5bW9udGhlcHJldHR5a2lkL3VzLWNlbnRyYWwxL2JhblVzZXIvQWczamRDcUJ1V00  
 
[debug] [2020-03-26T13:27:24.965Z] <<< HTTP RESPONSE 200
[debug] [2020-03-26T13:27:24.991Z] <<< HTTP RESPONSE 200
[debug] [2020-03-26T13:27:24.999Z] <<< HTTP RESPONSE 200
[debug] [2020-03-26T13:27:25.011Z] <<< HTTP RESPONSE 200
[debug] [2020-03-26T13:27:26.968Z] >>> HTTP REQUEST GET https://cloudfunctions.googleapis.com/v1/operations/c3p5bW9udGhlcHJldHR5a2lkL3VzLWNlbnRyYWwxL3Byb2R1Y3RDcmVhdGVkL1lwM2M2cXljYl9j  
 
[debug] [2020-03-26T13:27:26.992Z] >>> HTTP REQUEST GET https://cloudfunctions.googleapis.com/v1/operations/c3p5bW9udGhlcHJldHR5a2lkL3VzLWNlbnRyYWwxL2JhblVzZXIvQWczamRDcUJ1V00  
 
[debug] [2020-03-26T13:27:27.001Z] >>> HTTP REQUEST GET https://cloudfunctions.googleapis.com/v1/operations/c3p5bW9udGhlcHJldHR5a2lkL3VzLWNlbnRyYWwxL3Byb2R1Y3RVcGRhdGVkLzZ3Z2wweV9HYWFV  
 
[debug] [2020-03-26T13:27:27.013Z] >>> HTTP REQUEST GET https://cloudfunctions.googleapis.com/v1/operations/c3p5bW9udGhlcHJldHR5a2lkL3VzLWNlbnRyYWwxL2RlbGV0ZVVzZXIvWnFGdW4xVnZhd2c  
 
[debug] [2020-03-26T13:27:27.339Z] <<< HTTP RESPONSE 200
[debug] [2020-03-26T13:27:27.382Z] <<< HTTP RESPONSE 200
[debug] [2020-03-26T13:27:27.386Z] <<< HTTP RESPONSE 200
[debug] [2020-03-26T13:27:27.397Z] <<< HTTP RESPONSE 200
[debug] [2020-03-26T13:27:29.340Z] >>> HTTP REQUEST GET https://cloudfunctions.googleapis.com/v1/operations/c3p5bW9udGhlcHJldHR5a2lkL3VzLWNlbnRyYWwxL3Byb2R1Y3RDcmVhdGVkL1lwM2M2cXljYl9j  
 
[debug] [2020-03-26T13:27:29.383Z] >>> HTTP REQUEST GET https://cloudfunctions.googleapis.com/v1/operations/c3p5bW9udGhlcHJldHR5a2lkL3VzLWNlbnRyYWwxL3Byb2R1Y3RVcGRhdGVkLzZ3Z2wweV9HYWFV  
 
[debug] [2020-03-26T13:27:29.386Z] >>> HTTP REQUEST GET https://cloudfunctions.googleapis.com/v1/operations/c3p5bW9udGhlcHJldHR5a2lkL3VzLWNlbnRyYWwxL2JhblVzZXIvQWczamRDcUJ1V00  
 
[debug] [2020-03-26T13:27:29.399Z] >>> HTTP REQUEST GET https://cloudfunctions.googleapis.com/v1/operations/c3p5bW9udGhlcHJldHR5a2lkL3VzLWNlbnRyYWwxL2RlbGV0ZVVzZXIvWnFGdW4xVnZhd2c  
 
[debug] [2020-03-26T13:27:29.724Z] <<< HTTP RESPONSE 200
[debug] [2020-03-26T13:27:29.734Z] <<< HTTP RESPONSE 200
[debug] [2020-03-26T13:27:29.738Z] <<< HTTP RESPONSE 200
[debug] [2020-03-26T13:27:29.744Z] <<< HTTP RESPONSE 200
